d:\cpp_project\project\lsy_sdl2demo\project1\project1\x64\debug\vc143.pdb
d:\cpp_project\project\lsy_sdl2demo\project1\project1\x64\debug\vc143.idb
d:\cpp_project\project\lsy_sdl2demo\project1\project1\x64\debug\texturemanager.obj
d:\cpp_project\project\lsy_sdl2demo\project1\project1\x64\debug\game.obj
d:\cpp_project\project\lsy_sdl2demo\project1\project1\x64\debug\main.obj
d:\cpp_project\project\lsy_sdl2demo\project1\project1\x64\debug\gameobject.obj
d:\cpp_project\project\lsy_sdl2demo\project1\x64\debug\project1.exe
d:\cpp_project\project\lsy_sdl2demo\project1\x64\debug\project1.pdb
d:\cpp_project\project\lsy_sdl2demo\project1\project1\x64\debug\project1.res
d:\cpp_project\project\lsy_sdl2demo\project1\project1\x64\debug\project1.ilk
d:\cpp_project\project\lsy_sdl2demo\project1\project1\x64\debug\project1.tlog\cl.command.1.tlog
d:\cpp_project\project\lsy_sdl2demo\project1\project1\x64\debug\project1.tlog\cl.items.tlog
d:\cpp_project\project\lsy_sdl2demo\project1\project1\x64\debug\project1.tlog\cl.read.1.tlog
d:\cpp_project\project\lsy_sdl2demo\project1\project1\x64\debug\project1.tlog\cl.write.1.tlog
d:\cpp_project\project\lsy_sdl2demo\project1\project1\x64\debug\project1.tlog\link.command.1.tlog
d:\cpp_project\project\lsy_sdl2demo\project1\project1\x64\debug\project1.tlog\link.read.1.tlog
d:\cpp_project\project\lsy_sdl2demo\project1\project1\x64\debug\project1.tlog\link.secondary.1.tlog
d:\cpp_project\project\lsy_sdl2demo\project1\project1\x64\debug\project1.tlog\link.write.1.tlog
d:\cpp_project\project\lsy_sdl2demo\project1\project1\x64\debug\project1.tlog\rc.command.1.tlog
d:\cpp_project\project\lsy_sdl2demo\project1\project1\x64\debug\project1.tlog\rc.read.1.tlog
d:\cpp_project\project\lsy_sdl2demo\project1\project1\x64\debug\project1.tlog\rc.write.1.tlog
